Complete makedirs: E:\Yiling\at_SIAT_research\z_result\20250312_transfer_metric\1_FD\20250527_1543_1_dwq_s2_xj_s2_\1_FD_-_all-batch1_100img_by_pred0
Complete makedirs: E:\Yiling\at_SIAT_research\z_result\20250527_transfer_metric\1_FD\20250527_1543_1_dwq_s2_xj_s2_\1_FD_-_all-batch1_100img_by_pred0
Complete makedirs: E:\Yiling\at_SIAT_research\z_result\20250527_transfer_metric\1_FD\20250527_1543_2_dwq_l8_xj_l8_\1_FD_-_all-batch1_100img_by_pred0
Complete makedirs: E:\Yiling\at_SIAT_research\z_result\20250527_transfer_metric\1_FD\20250527_1543_3_dwq_s2_dwq_l8_\1_FD_-_all-batch1_100img_by_pred0
Complete makedirs: E:\Yiling\at_SIAT_research\z_result\20250527_transfer_metric\1_FD\20250527_1543_4_xj_s2_xj_l8_\1_FD_-_all-batch1_100img_by_pred0
Complete makedirs: E:\Yiling\at_SIAT_research\z_result\20250527_transfer_metric\1_FD\20250527_1543_1_dwq_s2_xj_s2_\2_FD_label1_all-batch1_100img_by_pred0
Complete makedirs: E:\Yiling\at_SIAT_research\z_result\20250527_transfer_metric\1_FD\20250527_1543_2_dwq_l8_xj_l8_\2_FD_label1_all-batch1_100img_by_pred0
Complete makedirs: E:\Yiling\at_SIAT_research\z_result\20250527_transfer_metric\1_FD\20250527_1543_3_dwq_s2_dwq_l8_\2_FD_label1_all-batch1_100img_by_pred0
Complete makedirs: E:\Yiling\at_SIAT_research\z_result\20250527_transfer_metric\1_FD\20250527_1543_4_xj_s2_xj_l8_\2_FD_label1_all-batch1_100img_by_pred0
Complete makedirs: E:\Yiling\at_SIAT_research\z_result\20250527_transfer_metric\1_FD\20250527_1543_1_dwq_s2_xj_s2_\3_FD_-_all-batch4_100img_by_pred0
Complete makedirs: E:\Yiling\at_SIAT_research\z_result\20250527_transfer_metric\1_FD\20250527_1543_2_dwq_l8_xj_l8_\3_FD_-_all-batch4_100img_by_pred0
Complete makedirs: E:\Yiling\at_SIAT_research\z_result\20250527_transfer_metric\1_FD\20250527_1543_3_dwq_s2_dwq_l8_\3_FD_-_all-batch4_100img_by_pred0
Complete makedirs: E:\Yiling\at_SIAT_research\z_result\20250527_transfer_metric\1_FD\20250527_1543_4_xj_s2_xj_l8_\3_FD_-_all-batch4_100img_by_pred0
Complete makedirs: E:\Yiling\at_SIAT_research\z_result\20250527_transfer_metric\1_FD\20250527_1543_1_dwq_s2_xj_s2_\4_FD_label1_all-batch4_100img_by_pred0
Complete makedirs: E:\Yiling\at_SIAT_research\z_result\20250527_transfer_metric\1_FD\20250527_1543_2_dwq_l8_xj_l8_\4_FD_label1_all-batch4_100img_by_pred0
Complete makedirs: E:\Yiling\at_SIAT_research\z_result\20250527_transfer_metric\1_FD\20250527_1543_3_dwq_s2_dwq_l8_\4_FD_label1_all-batch4_100img_by_pred0
Complete makedirs: E:\Yiling\at_SIAT_research\z_result\20250527_transfer_metric\1_FD\20250527_1543_4_xj_s2_xj_l8_\4_FD_label1_all-batch4_100img_by_pred0
Complete makedirs: E:\Yiling\at_SIAT_research\z_result\20250527_transfer_metric\1_FD\20250527_1543_1_dwq_s2_xj_s2_\5_FD_-_all-batch1_100img_by_pred1
Complete makedirs: E:\Yiling\at_SIAT_research\z_result\20250527_transfer_metric\1_FD\20250527_1543_2_dwq_l8_xj_l8_\5_FD_-_all-batch1_100img_by_pred1
Complete makedirs: E:\Yiling\at_SIAT_research\z_result\20250527_transfer_metric\1_FD\20250527_1543_3_dwq_s2_dwq_l8_\5_FD_-_all-batch1_100img_by_pred1
Complete makedirs: E:\Yiling\at_SIAT_research\z_result\20250527_transfer_metric\1_FD\20250527_1543_4_xj_s2_xj_l8_\5_FD_-_all-batch1_100img_by_pred1
Complete makedirs: E:\Yiling\at_SIAT_research\z_result\20250527_transfer_metric\1_FD\20250527_1543_1_dwq_s2_xj_s2_\6_FD_label1_all-batch1_100img_by_pred1
Complete makedirs: E:\Yiling\at_SIAT_research\z_result\20250527_transfer_metric\1_FD\20250527_1543_2_dwq_l8_xj_l8_\6_FD_label1_all-batch1_100img_by_pred1
Complete makedirs: E:\Yiling\at_SIAT_research\z_result\20250527_transfer_metric\1_FD\20250527_1543_3_dwq_s2_dwq_l8_\6_FD_label1_all-batch1_100img_by_pred1
Complete makedirs: E:\Yiling\at_SIAT_research\z_result\20250527_transfer_metric\1_FD\20250527_1543_4_xj_s2_xj_l8_\6_FD_label1_all-batch1_100img_by_pred1
Complete makedirs: E:\Yiling\at_SIAT_research\z_result\20250527_transfer_metric\1_FD\20250527_1543_1_dwq_s2_xj_s2_\7_FD_-_all-batch4_100img_by_pred1
Complete makedirs: E:\Yiling\at_SIAT_research\z_result\20250527_transfer_metric\1_FD\20250527_1543_2_dwq_l8_xj_l8_\7_FD_-_all-batch4_100img_by_pred1
Complete makedirs: E:\Yiling\at_SIAT_research\z_result\20250527_transfer_metric\1_FD\20250527_1543_3_dwq_s2_dwq_l8_\7_FD_-_all-batch4_100img_by_pred1
Complete makedirs: E:\Yiling\at_SIAT_research\z_result\20250527_transfer_metric\1_FD\20250527_1543_4_xj_s2_xj_l8_\7_FD_-_all-batch4_100img_by_pred1
Complete makedirs: E:\Yiling\at_SIAT_research\z_result\20250527_transfer_metric\1_FD\20250527_1543_1_dwq_s2_xj_s2_\8_FD_label1_all-batch4_100img_by_pred1
Complete makedirs: E:\Yiling\at_SIAT_research\z_result\20250527_transfer_metric\1_FD\20250527_1543_2_dwq_l8_xj_l8_\8_FD_label1_all-batch4_100img_by_pred1
Complete makedirs: E:\Yiling\at_SIAT_research\z_result\20250527_transfer_metric\1_FD\20250527_1543_3_dwq_s2_dwq_l8_\8_FD_label1_all-batch4_100img_by_pred1
Complete makedirs: E:\Yiling\at_SIAT_research\z_result\20250527_transfer_metric\1_FD\20250527_1543_4_xj_s2_xj_l8_\8_FD_label1_all-batch4_100img_by_pred1
Complete makedirs: E:\Yiling\at_SIAT_research\z_result\20250527_transfer_metric\2_DS\20250518_1810_1_dwq_s2_xj_s2_\1_DS_-_all-batch1_100img_by_pred0
Complete makedirs: E:\Yiling\at_SIAT_research\z_result\20250527_transfer_metric\2_DS\20250518_1810_2_dwq_l8_xj_l8_\1_DS_-_all-batch1_100img_by_pred0
Complete makedirs: E:\Yiling\at_SIAT_research\z_result\20250527_transfer_metric\2_DS\20250518_1810_3_dwq_s2_dwq_l8_\1_DS_-_all-batch1_100img_by_pred0
Complete makedirs: E:\Yiling\at_SIAT_research\z_result\20250527_transfer_metric\2_DS\20250518_1810_4_xj_s2_xj_l8_\1_DS_-_all-batch1_100img_by_pred0
Complete makedirs: E:\Yiling\at_SIAT_research\z_result\20250527_transfer_metric\2_DS\20250518_1810_1_dwq_s2_xj_s2_\2_DS_-_all-batch4_100img_by_pred0
Complete makedirs: E:\Yiling\at_SIAT_research\z_result\20250527_transfer_metric\2_DS\20250518_1810_2_dwq_l8_xj_l8_\2_DS_-_all-batch4_100img_by_pred0
Complete makedirs: E:\Yiling\at_SIAT_research\z_result\20250527_transfer_metric\2_DS\20250518_1810_3_dwq_s2_dwq_l8_\2_DS_-_all-batch4_100img_by_pred0
Complete makedirs: E:\Yiling\at_SIAT_research\z_result\20250527_transfer_metric\2_DS\20250518_1810_4_xj_s2_xj_l8_\2_DS_-_all-batch4_100img_by_pred0
Complete makedirs: E:\Yiling\at_SIAT_research\z_result\20250527_transfer_metric\2_DS\20250518_1810_1_dwq_s2_xj_s2_\3_DS_-_all-batch1_100img_by_pred1
Complete makedirs: E:\Yiling\at_SIAT_research\z_result\20250527_transfer_metric\2_DS\20250518_1810_2_dwq_l8_xj_l8_\3_DS_-_all-batch1_100img_by_pred1
Complete makedirs: E:\Yiling\at_SIAT_research\z_result\20250527_transfer_metric\2_DS\20250518_1810_3_dwq_s2_dwq_l8_\3_DS_-_all-batch1_100img_by_pred1
Complete makedirs: E:\Yiling\at_SIAT_research\z_result\20250527_transfer_metric\2_DS\20250518_1810_4_xj_s2_xj_l8_\3_DS_-_all-batch1_100img_by_pred1
Complete makedirs: E:\Yiling\at_SIAT_research\z_result\20250527_transfer_metric\2_DS\20250518_1810_1_dwq_s2_xj_s2_\4_DS_-_all-batch4_100img_by_pred1
Complete makedirs: E:\Yiling\at_SIAT_research\z_result\20250527_transfer_metric\2_DS\20250518_1810_2_dwq_l8_xj_l8_\4_DS_-_all-batch4_100img_by_pred1
Complete makedirs: E:\Yiling\at_SIAT_research\z_result\20250527_transfer_metric\2_DS\20250518_1810_3_dwq_s2_dwq_l8_\4_DS_-_all-batch4_100img_by_pred1
Complete makedirs: E:\Yiling\at_SIAT_research\z_result\20250527_transfer_metric\2_DS\20250518_1810_4_xj_s2_xj_l8_\4_DS_-_all-batch4_100img_by_pred1
Complete makedirs: E:\Yiling\at_SIAT_research\z_result\20250527_transfer_metric\3_GBC\20250518_1810_1_dwq_s2_xj_s2_\5_GBC_-_all-batch1_100img_by_pred0
Complete makedirs: E:\Yiling\at_SIAT_research\z_result\20250527_transfer_metric\3_GBC\20250518_1810_2_dwq_l8_xj_l8_\5_GBC_-_all-batch1_100img_by_pred0
Complete makedirs: E:\Yiling\at_SIAT_research\z_result\20250527_transfer_metric\3_GBC\20250518_1810_3_dwq_s2_dwq_l8_\5_GBC_-_all-batch1_100img_by_pred0
Complete makedirs: E:\Yiling\at_SIAT_research\z_result\20250527_transfer_metric\3_GBC\20250518_1810_4_xj_s2_xj_l8_\5_GBC_-_all-batch1_100img_by_pred0
Complete makedirs: E:\Yiling\at_SIAT_research\z_result\20250527_transfer_metric\3_GBC\20250518_1810_1_dwq_s2_xj_s2_\6_GBC_-_all-batch4_100img_by_pred0
Complete makedirs: E:\Yiling\at_SIAT_research\z_result\20250527_transfer_metric\3_GBC\20250518_1810_2_dwq_l8_xj_l8_\6_GBC_-_all-batch4_100img_by_pred0
Complete makedirs: E:\Yiling\at_SIAT_research\z_result\20250527_transfer_metric\3_GBC\20250518_1810_3_dwq_s2_dwq_l8_\6_GBC_-_all-batch4_100img_by_pred0
Complete makedirs: E:\Yiling\at_SIAT_research\z_result\20250527_transfer_metric\3_GBC\20250518_1810_4_xj_s2_xj_l8_\6_GBC_-_all-batch4_100img_by_pred0
Complete makedirs: E:\Yiling\at_SIAT_research\z_result\20250527_transfer_metric\3_GBC\20250518_1810_1_dwq_s2_xj_s2_\7_GBC_-_all-batch1_100img_by_pred1
Complete makedirs: E:\Yiling\at_SIAT_research\z_result\20250527_transfer_metric\3_GBC\20250518_1810_2_dwq_l8_xj_l8_\7_GBC_-_all-batch1_100img_by_pred1
Complete makedirs: E:\Yiling\at_SIAT_research\z_result\20250527_transfer_metric\3_GBC\20250518_1810_3_dwq_s2_dwq_l8_\7_GBC_-_all-batch1_100img_by_pred1
Complete makedirs: E:\Yiling\at_SIAT_research\z_result\20250527_transfer_metric\3_GBC\20250518_1810_4_xj_s2_xj_l8_\7_GBC_-_all-batch1_100img_by_pred1
Complete makedirs: E:\Yiling\at_SIAT_research\z_result\20250527_transfer_metric\3_GBC\20250518_1810_1_dwq_s2_xj_s2_\8_GBC_-_all-batch4_100img_by_pred1
Complete makedirs: E:\Yiling\at_SIAT_research\z_result\20250527_transfer_metric\3_GBC\20250518_1810_2_dwq_l8_xj_l8_\8_GBC_-_all-batch4_100img_by_pred1
Complete makedirs: E:\Yiling\at_SIAT_research\z_result\20250527_transfer_metric\3_GBC\20250518_1810_3_dwq_s2_dwq_l8_\8_GBC_-_all-batch4_100img_by_pred1
Complete makedirs: E:\Yiling\at_SIAT_research\z_result\20250527_transfer_metric\3_GBC\20250518_1810_4_xj_s2_xj_l8_\8_GBC_-_all-batch4_100img_by_pred1
