2026-03-24 09:41:24.932044: I tensorflow/core/platform/cpu_feature_guard.cc:210] This TensorFlow binary is optimized to use available CPU instructions in performance-critical operations.
To enable the following instructions: SSE3 SSE4.1 SSE4.2 AVX AVX2 FMA, in other operations, rebuild TensorFlow with the appropriate compiler flags.
============================================================
配置摘要
============================================================
度量类型: FD
任务名称: dwq_s2_xj_s2
任务描述: 大湾区 Sentinel2 -> 新疆 Sentinel2 (跨区域)
源域数据集: dwq_sentinel2
目标域数据集: xj_sentinel2
类别索引: [1, 2, 3, 6, 7, 8]
批次大小: 1
特征层: up4
最大图像数: 100
============================================================
配置已保存: /home/Shanxin.Guo/ZhangtuosCode/Transfer_Metric_FCDTM2/result/FD/dwq_s2_xj_s2/config.json

============================================================
处理: dwq_sentinel2 -> xj_sentinel2, 类别: 1 (Cropland)
============================================================
加载模型: /home/Shanxin.Guo/ZhangtuosCode/2_model_pth/train_dwq_sentinel2_cls_1/unet_epoch40_best_val.pth
/home/Shanxin.Guo/ZhangtuosCode/Transfer_Metric_FCDTM2/feature/FCDTM/Refactored/model.py:143: FutureWarning: You are using `torch.load` with `weights_only=False` (the current default value), which uses the default pickle module implicitly. It is possible to construct malicious pickle data which will execute arbitrary code during unpickling (See https://github.com/pytorch/pytorch/blob/main/SECURITY.md#untrusted-models for more details). In a future release, the default value for `weights_only` will be flipped to `True`. This limits the functions that could be executed during unpickling. Arbitrary objects will no longer be allowed to be loaded via this mode unless they are explicitly allowlisted by the user via `torch.serialization.add_safe_globals`. We recommend you start setting `weights_only=True` for any use case where you don't have full control of the loaded file. Please open an issue on GitHub for any issues related to this experimental feature.
  model = torch.load(model_path, map_location=self.device)
Traceback (most recent call last):
  File "/home/Shanxin.Guo/ZhangtuosCode/Transfer_Metric_FCDTM2/feature/FCDTM/Refactored/main.py", line 280, in <module>
    main()
  File "/home/Shanxin.Guo/ZhangtuosCode/Transfer_Metric_FCDTM2/feature/FCDTM/Refactored/main.py", line 271, in main
    results = runner.run()
              ^^^^^^^^^^^^
  File "/home/Shanxin.Guo/ZhangtuosCode/Transfer_Metric_FCDTM2/feature/FCDTM/Refactored/main.py", line 142, in run
    source_dataset = dataset_reader(
                     ^^^^^^^^^^^^^^^
  File "/home/Shanxin.Guo/ZhangtuosCode/Transfer_Metric_FCDTM2/component/dataset/dataset.py", line 27, in __init__
    self.image_files = os.listdir(self.image_dir)
                       ^^^^^^^^^^^^^^^^^^^^^^^^^^
FileNotFoundError: [Errno 2] No such file or directory: '/home/Shanxin.Guo/ZhangtuosCode/1_dataset/dwq_sentinel2/train_val/images/train'
